SF:lib\services\chat_api.dart
DA:7,1
DA:9,1
DA:10,2
DA:11,1
DA:12,1
DA:14,2
DA:16,2
DA:18,1
DA:19,2
DA:20,1
DA:24,4
DA:25,2
DA:26,4
DA:28,3
LF:14
LH:14
end_of_record
SF:lib\_SplashPage.dart
DA:12,1
DA:14,1
DA:15,1
DA:24,1
DA:26,1
DA:27,1
DA:28,1
DA:29,1
DA:32,0
DA:34,0
DA:35,0
DA:38,0
DA:39,0
DA:40,0
DA:42,0
DA:43,0
DA:44,0
DA:46,0
DA:49,0
DA:51,0
DA:53,0
DA:58,0
DA:59,0
DA:60,0
DA:61,0
DA:64,1
DA:66,1
DA:68,1
DA:69,1
DA:70,1
DA:72,1
DA:73,1
DA:74,1
DA:75,1
DA:76,1
DA:77,1
DA:80,1
DA:81,1
DA:83,1
DA:85,1
DA:86,7
DA:88,7
DA:97,2
DA:98,1
DA:99,2
DA:100,1
DA:101,1
DA:103,1
DA:104,1
DA:105,1
DA:106,5
DA:107,5
DA:108,5
DA:110,1
DA:111,7
DA:112,7
DA:113,1
DA:116,1
DA:118,1
DA:127,1
DA:128,1
DA:130,1
DA:134,1
DA:137,1
DA:145,1
DA:147,1
DA:150,1
DA:157,1
DA:159,1
DA:160,1
DA:161,1
DA:168,1
DA:169,0
DA:172,0
DA:173,0
DA:175,0
DA:177,0
DA:180,0
DA:181,0
DA:188,1
DA:190,0
DA:191,0
DA:202,1
DA:217,1
DA:222,1
DA:223,1
DA:233,1
DA:235,1
DA:236,3
DA:237,3
DA:239,2
DA:243,2
DA:244,1
DA:249,0
DA:251,0
DA:252,0
DA:253,0
DA:254,0
DA:258,0
DA:260,0
DA:261,0
DA:264,0
DA:265,0
DA:266,0
DA:267,0
DA:268,0
DA:270,0
DA:271,0
DA:272,0
DA:275,0
DA:278,0
DA:279,0
DA:281,0
DA:282,0
DA:283,0
DA:285,0
DA:288,0
DA:289,0
DA:290,0
DA:291,0
DA:292,0
DA:293,0
DA:297,0
DA:299,1
DA:301,2
DA:302,5
DA:309,1
DA:310,1
DA:311,0
DA:312,1
DA:313,1
DA:318,1
DA:319,1
DA:320,1
DA:321,1
DA:330,1
DA:331,1
DA:332,1
DA:334,1
DA:336,1
DA:337,1
DA:338,1
DA:339,1
DA:341,1
DA:342,1
DA:343,1
DA:346,1
DA:350,1
DA:351,1
DA:352,1
DA:353,1
DA:356,1
DA:357,1
DA:358,1
DA:367,1
DA:368,1
DA:369,1
DA:370,1
DA:371,1
DA:372,1
DA:387,1
DA:388,1
DA:389,1
DA:392,1
DA:394,1
DA:397,1
DA:414,1
DA:420,1
DA:422,1
DA:423,1
DA:424,1
DA:428,1
DA:429,1
DA:431,1
DA:432,1
DA:434,1
DA:435,1
DA:436,1
DA:439,1
DA:440,1
DA:444,2
LF:181
LH:124
end_of_record
